Jul 26 16:38 : player: played "world.execute (me) ;-Mili.mp3"
Jul 26 16:43 : player: played "http://m801.music.126.net/20240726170831/5f1cee8025871a6fa51d8fc69723f2d8/jdymusic/obj/wo3DlMOGwrbDjj7DisKw/28482065373/8058/eef9/cd4a/33ea3efab49fbbbf54637c0f74a0efba.mp3"
Jul 26 16:44 : player: played "http://lw.sycdn.kuwo.cn/88189a1e5c4da36372e64ee1097d4252/66a361bb/resource/30106/trackmedia/M500000gwcMo4bL1h1.mp3?bitrate"
Jul 26 16:49 : player: played "http://lw.sycdn.kuwo.cn/18e9cdabc738b5928cf6474ff4f987b4/66a3623c/resource/30106/trackmedia/M500000gwcMo4bL1h1.mp3?bitrate"
Jul 26 16:55 : player: played "http://m801.music.126.net/20240726171508/e364f7f26e9d7060dbfafe02b8f0c8f6/jdymusic/obj/wo3DlMOGwrbDjj7DisKw/14818104864/ee75/2970/51da/157efef09a4c0bc47f7bcc50f8176ea5.mp3"
Jul 26 17:00 : player: played "http://m7.music.126.net/20240726172048/b0e2e2478e43abbda37e34a190d9767c/ymusic/obj/w5zDlMODwrDDiGjCn8Ky/14054191511/9232/093b/2e4b/c6cc2f5109ad6bbe8c8aa6a83b69fe4f.mp3"
Jul 26 17:04 : player: played "http://m801.music.126.net/20240726172525/ba965b261bcb4bb34009a537a3ec0d4c/jdymusic/obj/wo3DlMOGwrbDjj7DisKw/35804578166/8adb/a4be/694c/16e8e1ff33fe75c765da303b3817a8a6.mp3"
Jul 26 17:08 : player: played "http://m701.music.126.net/20240726172924/0b12da3094997980d95d75ea2b49dcb1/jdymusic/obj/wo3DlMOGwrbDjj7DisKw/28482199126/4266/09dc/b40d/53158a6a0d75feb2365de9ea654a9fd8.mp3"
Jul 26 17:10 : player: played "http://m7.music.126.net/20240726173349/286f7dc2b4f01999ca1879ab3b77d726/ymusic/1d7b/0bde/0515/f9c4e28409568738f8b7e6ebe35a1101.mp3"
Jul 26 17:15 : player: played "http://m7.music.126.net/20240726173606/9e3fbc13b64ba5feab380eec141b404d/ymusic/7945/4d79/2c0a/6ccb993844d35ba73e49450ef6c54c23.mp3"
Jul 26 17:21 : player: played "http://m7.music.126.net/20240726174037/7c1b023b72269ff71206d203c16f6c35/ymusic/050e/5453/0e0e/2d98263280c9a7e8e4999d83f9072268.mp3"
Jul 26 17:26 : player: played "http://m801.music.126.net/20240726174618/a0714db1ecc18e0c9aedac911de6ca5c/jdymusic/obj/wo3DlMOGwrbDjj7DisKw/32660887586/f2af/f139/e7cb/a9fe608e78ff5e386d1481d2be7377a5.mp3"
Jul 26 17:28 : player: played "http://m7.music.126.net/20240726175109/b7265b55a94590826ecaaf2fa9d4eb55/ymusic/e5d6/9661/d23d/4b29c113cbeb0a9ea627044d8a77b2ec.mp3"
Jul 26 17:30 : player: played "http://m8.music.126.net/20240726175319/214f45adf8529b78ddb1c8496af6e1e4/ymusic/1fe3/d219/eaa7/687fb54c73d4384197ca6107483ee5c7.mp3"
Jul 26 17:33 : player: played "http://m8.music.126.net/20240726175607/a3ee21dcd9d3592ccdfe75fb5d94703d/ymusic/obj/w5zDlMODwrDDiGjCn8Ky/4064308178/1b2d/aee9/f993/fb63aee8506b02b1c6329c3ddce02c88.mp3"
Jul 26 17:39 : player: played "http://m8.music.126.net/20240726175902/81bc3f62a247bf51ecfd715ab131f348/ymusic/cd96/65ba/f3d3/05b82ef71eb7f48dd02ff8b7fba310e0.mp3"
Jul 26 17:43 : player: played "http://m7.music.126.net/20240726180437/dec2f15f66dd2035ffee52dd72c1909a/ymusic/9ef9/c7ce/d905/70fd0fb218223ad26ff77f5af1bb5225.mp3"
Jul 26 17:48 : player: played "http://m701.music.126.net/20240726180827/42bcb13a094d927d4ee8ed23e314a854/jdymusic/obj/wo3DlMOGwrbDjj7DisKw/19513438142/b905/4637/a8a7/2b8e083cd69b69888e4fe3b876dc7724.mp3"
Jul 26 17:51 : player: played "http://m7.music.126.net/20240726181309/2887ea8e9c73efb55ab0ecac2956b757/ymusic/obj/w5zDlMODwrDDiGjCn8Ky/14053995767/bb80/4730/1757/26a9f9f6b57d66b69da6474f942fb22a.mp3"
Jul 26 17:54 : player: played "http://m7.music.126.net/20240726181614/3bdc4dd6f7d0e3b3127fb8be8596a3d4/ymusic/obj/w5zDlMODwrDDiGjCn8Ky/14053995767/bb80/4730/1757/26a9f9f6b57d66b69da6474f942fb22a.mp3"
Jul 26 17:57 : player: played "http://m701.music.126.net/20240726182000/102daaeaf4d3fdb5e3058d881606bdf8/jdymusic/obj/wo3DlMOGwrbDjj7DisKw/19515350597/c682/6ee3/a9e1/6b20ea2ab048ec48505edc164331c450.mp3"
Jul 26 18:39 : player: played "http://m701.music.126.net/20240726190322/a48872a7d731b800abf4870fbbc6325c/jdymusic/obj/wo3DlMOGwrbDjj7DisKw/19515350597/c682/6ee3/a9e1/6b20ea2ab048ec48505edc164331c450.mp3"
Jul 26 18:39 : player: played "http://m8.music.126.net/20240726190417/efc5420e60dde18bc271f79c6f10592d/ymusic/5fe8/65e4/045c/fb2349637d0b5e7df425e906143ae208.mp3"
Jul 26 18:39 : player: played "http://m7.music.126.net/20240726190421/d72a00a0780023c0a94105f1622c00ec/ymusic/d47d/cac6/3f33/96282ff8d290f88a91b2e768bc95e156.mp3"
Jul 26 18:39 : player: played "http://m8.music.126.net/20240726190428/f90002b65d2ba2e81ae2ec1a4ae439ef/ymusic/obj/w5zDlMODwrDDiGjCn8Ky/3429376444/6e68/a018/a7b4/001702c79bcfc80a7939bf7e3b025885.mp3"
Jul 26 18:39 : player: played "http://m701.music.126.net/20240726190433/e860c8f8719e78652b53f9094fb61768/jdymusic/obj/wo3DlMOGwrbDjj7DisKw/18721014577/3199/6cdf/1e19/cb954b64fe7b2c42a095994135478554.mp3"
Jul 26 18:41 : player: played "http://m801.music.126.net/20240726190436/ff15d66883571678fb899d02a0446b49/jdymusic/obj/wo3DlMOGwrbDjj7DisKw/32744478194/2f0d/c33c/1261/80c7b9c4ffe8b400cf4c6fccd6eabc69.mp3"
Jul 26 18:41 : player: played "http://m701.music.126.net/20240726190639/e6d9b97f246c0e702d2e91c811a43789/jdymusic/obj/wo3DlMOGwrbDjj7DisKw/28041335161/11b7/af86/f385/f6fb93356f27aa4dd3df9ce0bfff914e.mp3"
Jul 26 18:43 : update: added /カタオモイ-Aimer.mp3
Jul 26 18:51 : player: played "http://m801.music.126.net/20240726190708/27e3d623df55989880317b070a061a7d/jdymusic/obj/wo3DlMOGwrbDjj7DisKw/28041335161/11b7/af86/f385/f6fb93356f27aa4dd3df9ce0bfff914e.mp3"
Jul 26 18:55 : player: played "http://m801.music.126.net/20240726191641/476930555a4642647e27905354c1b613/jdymusic/obj/wo3DlMOGwrbDjj7DisKw/28041330702/82ef/382d/1875/ee09dd6202ab6d1561d2400ebd78ff94.mp3"
Jul 26 19:01 : player: played "http://m801.music.126.net/20240726192102/4c3b17637ea531fb6a972a65daf8c1be/jdymusic/obj/wo3DlMOGwrbDjj7DisKw/28041344035/7c75/66d9/dc76/631328ec0750eefacc7e230fdaeed5af.mp3"
Jul 28 12:53 : player: played "カタオモイ-Aimer.mp3"
Jul 28 12:54 : exception: Failed to decode http://m801.music.126.net/20240726192102/4c3b17637ea531fb6a972a65daf8c1be/jdymusic/obj/wo3DlMOGwrbDjj7DisKw/28041344035/7c75/66d9/dc76/631328ec0750eefacc7e230fdaeed5af.mp3; got HTTP status 403
Jul 28 12:54 : player: played "http://m801.music.126.net/20240726192102/4c3b17637ea531fb6a972a65daf8c1be/jdymusic/obj/wo3DlMOGwrbDjj7DisKw/28041344035/7c75/66d9/dc76/631328ec0750eefacc7e230fdaeed5af.mp3"
Jul 28 12:54 : player: played "world.execute (me) ;-Mili.mp3"
Jul 28 13:03 : player: played "http://m701.music.126.net/20240728132009/8ea1ded5214e21f1b00768ac9b59bfca/jdymusic/obj/wo3DlMOGwrbDjj7DisKw/28041360390/bceb/ea5b/0cef/089745a93c0ebfe001a40fa64a246ac5.mp3"
Jul 28 13:22 : player: played "http://m801.music.126.net/20240728134640/109e1246f6778e99e3c6d65f28d740ac/jdymusic/obj/wo3DlMOGwrbDjj7DisKw/28041360390/bceb/ea5b/0cef/089745a93c0ebfe001a40fa64a246ac5.mp3"
Jul 28 13:23 : player: played "http://m801.music.126.net/20240728134838/8ff25915a9107f824e7d0489b0996f1f/jdymusic/obj/wo3DlMOGwrbDjj7DisKw/28041360390/bceb/ea5b/0cef/089745a93c0ebfe001a40fa64a246ac5.mp3"
Jul 28 13:42 : player: played "カタオモイ-Aimer.mp3"
Jul 28 13:44 : player: played "カタオモイ-Aimer.mp3"
Jul 28 13:51 : player: played "http://m801.music.126.net/20240728140954/07158a3b6fafb3e2b2da724bedcf71a3/jdymusic/obj/w5zDlMODwrDDiGjCn8Ky/2345930211/656a/8c72/4db5/8b0b270061de452bb6f50226adf35d73.mp3"
Jul 28 13:52 : player: played "http://m701.music.126.net/20240728141619/31bcdd7f1eb67c3f26c2d83c1b8269b8/jdymusic/obj/w5zDlMODwrDDiGjCn8Ky/2345920853/0f4e/54b5/b2cd/e0ebda16232e5e3e83031d450e633874.mp3"
Jul 28 13:56 : player: played "http://m701.music.126.net/20240728141806/cd62dbb9aa4fa05f74f402425b4d1e58/jdymusic/obj/w5zDlMODwrDDiGjCn8Ky/2345920853/0f4e/54b5/b2cd/e0ebda16232e5e3e83031d450e633874.mp3"
Jul 28 13:59 : player: played "http://m8.music.126.net/20240728142205/15aaff6db2c7320eed379ef9eec67471/ymusic/3fec/bef7/d27c/78bb8d7b0d7a745d05684f4d789fc5a0.mp3"
Jul 28 14:01 : player: played "http://m7.music.126.net/20240728142451/4ea87bda77c400166475acd0c8c1b3ff/ymusic/3fec/bef7/d27c/78bb8d7b0d7a745d05684f4d789fc5a0.mp3"
Jul 28 14:05 : player: played "http://m801.music.126.net/20240728142614/9b99e4648ddabf6e9c054c40a090e0ef/jdymusic/obj/w5zDlMODwrDDiGjCn8Ky/2345920853/0f4e/54b5/b2cd/e0ebda16232e5e3e83031d450e633874.mp3"
Jul 28 14:11 : player: played "http://m7.music.126.net/20240728143011/c94184db49f10a3dcf6cbf9fb08211d0/ymusic/3fec/bef7/d27c/78bb8d7b0d7a745d05684f4d789fc5a0.mp3"
Jul 28 14:14 : player: played "http://m7.music.126.net/20240728143646/6c5ae651a09f614c9da351e74f091932/ymusic/49fb/1dbf/b9ef/5af1564fefeafcdb0ae10680b8324b9b.mp3"
Jul 28 14:19 : player: played "http://lv.sycdn.kuwo.cn/77d606503a4de922e4055b167434305c/66a5e1bb/resource/30106/trackmedia/M500001reTVD1l11C5.mp3?bitrate"
Jul 28 14:24 : player: played "http://m701.music.126.net/20240728144437/c1f68d78ef76d3cfd579157c8efdd412/jdymusic/obj/wo3DlMOGwrbDjj7DisKw/28482039396/d704/fd5f/392f/7b94a1546da9581e733944630054ef78.mp3"
Jul 28 14:24 : player: played "http://m801.music.126.net/20240728144920/bbc4e45155aac8dba0633b053316ab59/jdymusic/obj/wo3DlMOGwrbDjj7DisKw/28482039396/d704/fd5f/392f/7b94a1546da9581e733944630054ef78.mp3"
Jul 28 14:24 : player: played "http://m7.music.126.net/20240728144927/71eddf1ea4d284864b87695e7430981f/ymusic/cb1f/dbf8/8316/4ffa6bf547ee30950ed722923dee82aa.mp3"
Jul 28 14:24 : player: played "http://m801.music.126.net/20240728144935/0342719503669c224cf09e93770c8430/jdymusic/obj/wo3DlMOGwrbDjj7DisKw/10895819363/7e27/c4ff/fe4c/605cf040669e30ef0b42d75e15015a22.mp3"
Jul 28 14:27 : player: played "http://fsandroid.hw.kugou.com/202407281424/c93d50b3c782c595233425c3af725842/v3/97deaa59f3bf12e703258775fdbb0184/yp/full/ap1005_pi2_s2309093751.mp3"
Jul 28 14:31 : player: played "http://fsandroid.hw.kugou.com/202407281428/b452d31c4f9aaf1831671395cbb9c309/v3/97deaa59f3bf12e703258775fdbb0184/yp/full/ap1005_pi2_s2309093751.mp3"
Jul 28 14:34 : player: played "http://m7.music.126.net/20240728145715/c061e4cafe477431724ca5cc32b6c727/ymusic/673d/c8ff/47ec/b082c8c55ddf86812faceafe9d35c341.mp3"
Jul 28 14:35 : exception: CURL failed: Recv failure: Connection reset by peer
Jul 28 14:35 : player: played "http://m801.music.126.net/20240728145952/b115d68af2dfd8b1eeb3f3dd58acb75a/jdymusic/obj/wo3DlMOGwrbDjj7DisKw/34476701371/22da/405e/175b/ccf0af513995ce82b6dae14ad62ad76a.mp3"
Jul 28 14:39 : player: played "http://m7.music.126.net/20240728150045/c3b7f19a242a49a85e442281f798fb6a/ymusic/453e/fe86/086c/61a4e4d8a86cdcd60500697f0c1c6304.mp3"
Jul 28 14:42 : player: played "http://m7.music.126.net/20240728150437/670693546e0f9e3d4602f3eaac1e85ab/ymusic/0725/3e25/7b66/ffdad52e977fc215030d78f650bdc41c.mp3"
Jul 28 14:45 : player: played "http://m801.music.126.net/20240728150740/20c0efce1d33e99450e9a4bcfd980d56/jdymusic/obj/w5zDlMODwrDDiGjCn8Ky/2104792965/c460/3417/148a/adb2a77841e2d3c163843c79bbe8d269.mp3"
Jul 28 18:06 : player: played "http://m801.music.126.net/20240728151039/45158cc9bf63b838cda1c79af6f9d6a2/jdymusic/obj/wo3DlMOGwrbDjj7DisKw/11416104784/b7eb/cd38/ffef/0323a210e5dabe4210c18b0436d5972c.mp3"
Jul 29 14:40 : player: played "http://m701.music.126.net/20240729150032/c98c839300da9af73271de57ae9783b0/jdymusic/obj/wo3DlMOGwrbDjj7DisKw/11416104784/b7eb/cd38/ffef/0323a210e5dabe4210c18b0436d5972c.mp3"
Jul 29 14:47 : player: played "http://m701.music.126.net/20240729150522/e9f9709a29de1dee5127d32faf4fab6a/jdymusic/obj/wo3DlMOGwrbDjj7DisKw/7813582434/ef48/8bb1/1f9a/d20d946c0a8deffaf4f9bc0022a21d84.mp3"
Jul 29 15:12 : player: played "http://m701.music.126.net/20240729151254/0a2d5bc51b053e4a05472d9fba401286/jdymusic/obj/wo3DlMOGwrbDjj7DisKw/7408436174/297d/2bd7/1e37/768a31d0ec3c2a1d3f022cb99eb0d058.mp3"
Jul 29 15:12 : player: played "http://m701.music.126.net/20240729153727/44e2a6c2e7db55c1f974e2e8e72abe10/jdymusic/obj/wo3DlMOGwrbDjj7DisKw/7408436174/297d/2bd7/1e37/768a31d0ec3c2a1d3f022cb99eb0d058.mp3"
Jul 29 15:17 : player: played "http://m701.music.126.net/20240729153732/25e3c88538dc6cbb7816ff2808f29b9d/jdymusic/obj/wo3DlMOGwrbDjj7DisKw/14432576975/21ea/68cc/c9c8/a79819455c808d12d8e4925b68a955bb.mp3"
Jul 29 15:21 : player: played "http://m801.music.126.net/20240729154302/f2d928f5c33e77517b273c24bcce57ce/jdymusic/obj/wo3DlMOGwrbDjj7DisKw/35054418719/0c01/4d2d/8458/cf28ae4db4fc1b2ce961d35af4e62481.mp3"
Jul 29 15:23 : player: played "http://ra.sycdn.kuwo.cn/52a0bed64642f49f060d33298a5dca37/66a74304/resource/n2/128/63/42/1172215118.mp3?bitrate"
Jul 29 15:24 : player: played "http://m701.music.126.net/20240729154824/b3d313e2c403cc9130c7a02d52759f37/jdymusic/obj/wo3DlMOGwrbDjj7DisKw/9096089343/599a/bd59/658f/302487da741f909dd1b1bdf6e064633a.mp3"
Jul 29 15:25 : player: played "http://fsandroid.hw.kugou.com/202407291524/6365c2ef4b29c6e6178b4a8926acc1c8/v3/d7293ee864f9e5048f1b5716041ec4b2/yp/full/ap1005_pi2_s1589427998.mp3"
Jul 29 15:28 : player: played "http://m701.music.126.net/20240729155021/79fcf21a47c848f2d359dffb9a249d2f/jdymusic/obj/wo3DlMOGwrbDjj7DisKw/34484142008/d97f/383a/4004/5907559278efa089f1d53bce23de0377.mp3"
Jul 29 15:53 : player: played "http://rs.sycdn.kuwo.cn/15947c21d65172f2631658d90ef30405/66a74a4d/resource/n3/16/31/928246168.mp3?bitrate"
Jul 29 15:57 : player: played "http://m701.music.126.net/20240729161816/a623e19c3a65c3d93e02a63d22ede490/jdymusic/obj/wo3DlMOGwrbDjj7DisKw/29850117501/589b/5c8f/4649/45968cb7a1c92a2a1096ee51a860bc28.mp3"
Jul 29 16:00 : player: played "http://m701.music.126.net/20240729162247/21b79f2199c7d6f297dd39d8dec68baf/jdymusic/obj/wo3DlMOGwrbDjj7DisKw/7099687236/4d3e/4969/bfc7/b8037dda4d39ba3d0fa9fef5c8d5a4aa.mp3"
Jul 29 16:02 : player: played "http://cv.sycdn.kuwo.cn/3f8a090d970d2c94d16eeeea3c0fb481/66a74c26/resource/n3/1/96/3105880969.mp3?bitrate"
Jul 29 16:05 : player: played "http://m701.music.126.net/20240729162716/c617a8d65189f915e3f8d248e966e795/jdymusic/obj/wo3DlMOGwrbDjj7DisKw/34580567030/743e/93d5/c80a/618400f51ca851fa2417551230d8a91f.mp3"
Jul 29 16:08 : player: played "http://m801.music.126.net/20240729163048/0f2e5f829a64219fdad04d036d736202/jdymusic/obj/wo3DlMOGwrbDjj7DisKw/19067426045/0681/bf86/8fbd/5163dd6be438b7b08bb82e0428519ad7.mp3"
Jul 29 16:14 : player: played "http://m701.music.126.net/20240729163325/e3e710ba3eff77cba7f46324479dffce/jdymusic/obj/w5zDlMODwrDDiGjCn8Ky/2076278865/17df/261b/0ff5/be0dc722704f5eb5c21366ae24fa478b.mp3"
Jul 29 16:16 : player: played "http://m701.music.126.net/20240729163935/41c3fdbf812267690cc1c6d28c55da9e/jdymusic/obj/wo3DlMOGwrbDjj7DisKw/8675630405/3656/1aee/1b53/acc4de0a88b289f45a5d3c51343c6310.mp3"
Jul 29 16:21 : player: played "http://m8.music.126.net/20240729164156/fabc66d39373b5027fc45164071b1997/ymusic/545e/535f/075d/c47fb36602d597e96e9b07e60a554df6.mp3"
Jul 29 16:23 : player: played "カタオモイ-Aimer.mp3"
Jul 29 16:28 : player: played "http://lw.sycdn.kuwo.cn/3726f39d2aceb851d77606a30751eabe/66a75194/resource/30106/trackmedia/M500004S1Wom3KFSNM.mp3?bitrate"
Jul 29 16:32 : player: played "http://lw.sycdn.kuwo.cn/a876fa8335cf6651c3920ce6179e07d4/66a7529e/resource/30106/trackmedia/M500003actQ13BQTcf.mp3?bitrate"
Jul 29 19:54 : player: played "カタオモイ-Aimer.mp3"
Jul 29 19:55 : output: Failed to play on "PipeWire Sound Server" (pipewire): no target node available
Jul 29 19:55 : exception: Failed to open audio output
Jul 29 20:00 : player: played "カタオモイ-Aimer.mp3"
Jul 29 20:01 : exception: got HTTP status 403
Jul 29 20:01 : exception: got HTTP status 403
Jul 29 20:01 : exception: got HTTP status 403
Jul 29 20:01 : player: played "http://lv.sycdn.kuwo.cn/75c9677fec5afec2e6f749b4b0f3c73b/66a7848a/resource/30106/trackmedia/M500001NRd9p2Ryew2.mp3?bitrate"
Jul 29 20:02 : update: added /future base-Kizuna AI.mp3
Jul 29 20:05 : player: played "future base-Kizuna AI.mp3"
Jul 29 20:06 : player: played "future base-Kizuna AI.mp3"
Jul 29 20:09 : player: played "world.execute (me) ;-Mili.mp3"
Jul 29 20:10 : player: played "http://lv.sycdn.kuwo.cn/c71fe88978495a75905c69fc058a516f/66a78689/resource/30106/trackmedia/M500001NRd9p2Ryew2.mp3?bitrate"
Jul 30 11:05 : exception: Failed to decode http://lv.sycdn.kuwo.cn/c71fe88978495a75905c69fc058a516f/66a78689/resource/30106/trackmedia/M500001NRd9p2Ryew2.mp3?bitrate; got HTTP status 410
Jul 30 11:05 : player: played "http://lv.sycdn.kuwo.cn/c71fe88978495a75905c69fc058a516f/66a78689/resource/30106/trackmedia/M500001NRd9p2Ryew2.mp3?bitrate"
Aug 01 11:43 : player: played "http://m7.music.126.net/20240801120637/75708bb7a758329167096e1b56354671/ymusic/8769/152b/2834/8c171ea145e6252db0d264336ef6e5b0.mp3"
Aug 01 11:45 : player: played "http://m701.music.126.net/20240801120843/f3a752b8abaf4a5de005939e64f71064/jdymusic/obj/wo3DlMOGwrbDjj7DisKw/28482309349/9e53/9634/e487/86680a435d70ef0789c678628c70914f.mp3"
Aug 01 11:51 : player: played "http://m801.music.126.net/20240801121041/04eeedb02eadbb25d02be39dad0c2251/jdymusic/obj/wo3DlMOGwrbDjj7DisKw/28482168486/f697/4818/e3f2/4e9ab86b9b24d2579fe67b7bf318ab84.mp3"
Aug 01 11:56 : player: played "http://m701.music.126.net/20240801121618/11be9ad22c3ec94cbe79468472a60b83/jdymusic/obj/wo3DlMOGwrbDjj7DisKw/28482033660/6e4e/df43/02d3/ea14cb605f533b251d540ee0799d473f.mp3"
Aug 01 12:03 : player: played "http://m801.music.126.net/20240801122156/9944cc7a878982ba0c4b4c82233e7435/jdymusic/obj/wo3DlMOGwrbDjj7DisKw/28482024590/132e/e10f/ddee/37bb9d1bf8d80d81aa794be41377a429.mp3"
Aug 01 12:05 : player: played "http://m701.music.126.net/20240801122900/0aef3250aae5f5a0e0abc38e700ddc3b/jdymusic/obj/wo3DlMOGwrbDjj7DisKw/28482335360/af46/e362/986f/04b91c000499941c29e39b08637482e1.mp3"
Aug 01 12:13 : player: played "http://m701.music.126.net/20240801123012/52632bd826bc2bdc87dd7ae78b6b1bd1/jdymusic/obj/wo3DlMOGwrbDjj7DisKw/28481865989/a2d7/b750/ee58/792dc4080ce2a2599383bc18f09ab3cf.mp3"
Aug 01 12:17 : player: played "http://m701.music.126.net/20240801123815/9218aa0f2bc9a4ae4430cd00d597923f/jdymusic/obj/wo3DlMOGwrbDjj7DisKw/28481828253/6ee4/c380/8822/67b6a42961e293f8346b254d2600c826.mp3"
Aug 01 12:23 : player: played "http://m701.music.126.net/20240801124301/3c55b69aafd26449e2d8be3836090cb6/jdymusic/obj/wo3DlMOGwrbDjj7DisKw/14096601515/526d/c1e5/3079/c988031c0c6105e292c1c3c366e52a30.mp3"
Aug 01 12:25 : player: played "http://m801.music.126.net/20240801124847/29d3c5d2cd83ab760e84b0901a43cca9/jdymusic/obj/wo3DlMOGwrbDjj7DisKw/28482309349/9e53/9634/e487/86680a435d70ef0789c678628c70914f.mp3"
Aug 01 13:26 : player: played "http://m701.music.126.net/20240801125046/a0ea705f261ab4b255e977d9a0d9be28/jdymusic/obj/wo3DlMOGwrbDjj7DisKw/28482168486/f697/4818/e3f2/4e9ab86b9b24d2579fe67b7bf318ab84.mp3"
Aug 01 13:32 : player: played "http://m701.music.126.net/20240801135157/0f2211cdd1a8024c8d7649ef0c85d1c5/jdymusic/obj/wo3DlMOGwrbDjj7DisKw/28482033660/6e4e/df43/02d3/ea14cb605f533b251d540ee0799d473f.mp3"
Aug 01 13:39 : player: played "http://m801.music.126.net/20240801135734/29c5469b0fbf40bae452caa89af88fd1/jdymusic/obj/wo3DlMOGwrbDjj7DisKw/28482024590/132e/e10f/ddee/37bb9d1bf8d80d81aa794be41377a429.mp3"
Aug 01 13:40 : player: played "http://m701.music.126.net/20240801140439/874f2bb53b2f1ab44f2e0092abab1a83/jdymusic/obj/wo3DlMOGwrbDjj7DisKw/28482335360/af46/e362/986f/04b91c000499941c29e39b08637482e1.mp3"
Aug 01 14:06 : player: played "http://m801.music.126.net/20240801140551/2b1735719ac1d041f85d5423fa1894c2/jdymusic/obj/wo3DlMOGwrbDjj7DisKw/28481865989/a2d7/b750/ee58/792dc4080ce2a2599383bc18f09ab3cf.mp3"
Aug 01 14:12 : player: played "http://m801.music.126.net/20240801143306/c2e210971c605337f5d0f38386835bf7/jdymusic/obj/wo3DlMOGwrbDjj7DisKw/32346474450/8a87/6ded/3b92/8b9ca4413c9f573528b9b07789884864.mp3"
Aug 01 14:19 : player: played "http://m801.music.126.net/20240801143758/884b25097b61b6bdd4c6cc7797164854/jdymusic/obj/wo3DlMOGwrbDjj7DisKw/32391204700/982e/3679/96f2/dc56d7295d50d4bccca4ced22e880767.mp3"
Aug 01 14:23 : player: played "http://m7.music.126.net/20240801144428/5dab442f88ae3d514d4660869272b9aa/ymusic/62fc/56cb/0a14/72dc9830918746ed7323f636393075f9.mp3"
Aug 01 14:28 : player: played "http://m7.music.126.net/20240801144900/3f9912c6f5b9a96d868f67ab15cef172/ymusic/74d3/0c01/f3e2/d8eb5cd0c7d999e6e3ba17ac4d4af0d1.mp3"
Aug 01 14:31 : player: played "http://m7.music.126.net/20240801145331/41444988fbed3981f8a74d5f87875bb4/ymusic/c0ad/4960/6e4d/a959a422461ffe1fde4f3dae2b8233d9.mp3"
Aug 01 15:53 : player: played "http://m8.music.126.net/20240801145612/b66d83e90741011bd025d7b03a7b20ed/ymusic/050c/535f/535e/2f705e9ef1d58b6dae1ed4ca5cb5969d.mp3"
Aug 01 15:57 : player: played "http://m701.music.126.net/20240801161848/198244a28bedec1ca1a70f5246aea5e2/jdymusic/obj/wo3DlMOGwrbDjj7DisKw/44460910177/4faf/972c/b0b3/e899867c5ae141df1430d44a8af90db1.mp3"
Aug 01 16:01 : player: played "http://m7.music.126.net/20240801162213/e9fecffe3702689e4ebf2d36f79d2692/ymusic/050c/535f/535e/2f705e9ef1d58b6dae1ed4ca5cb5969d.mp3"
Aug 01 16:08 : player: played "http://m801.music.126.net/20240801162649/2bbe96d0a372572c17a8078c20bb49cb/jdymusic/obj/w5zDlMODwrDDiGjCn8Ky/2345930211/656a/8c72/4db5/8b0b270061de452bb6f50226adf35d73.mp3"
Aug 01 16:08 : exception: Failed to decode http://m701.music.126.net/20240801163314/8b96ff9bf8ea77e7716c093a19d3f101/jdymusic/obj/w5zDlMODwrDDiGjCn8Ky/2345920853/0f4e/54b5/b2cd/e0ebda16232e5e3e83031d450e633874.mp3; CURL failed: Empty reply from server
Aug 01 16:08 : player: played "http://m701.music.126.net/20240801163314/8b96ff9bf8ea77e7716c093a19d3f101/jdymusic/obj/w5zDlMODwrDDiGjCn8Ky/2345920853/0f4e/54b5/b2cd/e0ebda16232e5e3e83031d450e633874.mp3"
Aug 01 16:11 : player: played "http://m701.music.126.net/20240801163405/b2cd03015525da6a44ab5c85d687330d/jdymusic/obj/wo3DlMOGwrbDjj7DisKw/9096089343/599a/bd59/658f/302487da741f909dd1b1bdf6e064633a.mp3"
Aug 01 16:12 : player: played "http://m701.music.126.net/20240801163705/56f54f2740ddddb9c7605e90bbfd2e81/jdymusic/obj/wo3DlMOGwrbDjj7DisKw/34484142008/d97f/383a/4004/5907559278efa089f1d53bce23de0377.mp3"
Aug 01 16:12 : player: played "http://m701.music.126.net/20240801163725/7db1f0d3a20ea9e2d3787c216cea883c/jdymusic/obj/wo3DlMOGwrbDjj7DisKw/29850117501/589b/5c8f/4649/45968cb7a1c92a2a1096ee51a860bc28.mp3"
Aug 01 16:12 : player: played "http://m801.music.126.net/20240801163725/8e2c698c0c61174973b99358a189d19c/jdymusic/obj/wo3DlMOGwrbDjj7DisKw/7099687236/4d3e/4969/bfc7/b8037dda4d39ba3d0fa9fef5c8d5a4aa.mp3"
Aug 01 16:12 : player: played "http://m801.music.126.net/20240801163737/cb883401e92181a0d04ab932d4facdd5/jdymusic/obj/wo3DlMOGwrbDjj7DisKw/34580567030/743e/93d5/c80a/618400f51ca851fa2417551230d8a91f.mp3"
Aug 01 16:18 : player: played "http://m7.music.126.net/20240801163808/485b12e63f8b18058558b15d2e0481f8/ymusic/e1b1/a83c/3624/a4f3ff66d971ce79589d21d873e1e3d6.mp3"
Aug 01 16:19 : player: played "http://m701.music.126.net/20240801164431/288c60289220131dbe70a5b3f7dc4651/jdymusic/obj/wo3DlMOGwrbDjj7DisKw/34474300325/fb65/4092/291b/1d1e26b1836a8c88b82543b16c78b1ab.mp3"
Aug 01 16:24 : player: played "http://m701.music.126.net/20240801164442/1b0c4149198c83a8039deddbd0948480/jdymusic/obj/wo3DlMOGwrbDjj7DisKw/10511524195/2f77/cef4/2ca7/93aac34ee81fb9120b1f92a6e4c6fb07.mp3"
Aug 01 16:26 : player: played "http://m7.music.126.net/20240801165005/87a3d2095c17bd2919f801a7aceaaf62/ymusic/obj/w5zDlMODwrDDiGjCn8Ky/3057646328/338c/2235/a617/874477be77872a6bf3a90c47a5b9be6e.mp3"
Aug 01 16:28 : player: played "http://m701.music.126.net/20240801165139/6ba9a51ead277901a45f68174040336d/jdymusic/obj/w5zDlMODwrDDiGjCn8Ky/2420858684/ca2c/b383/d876/df2148fcf809cf4dda652ec7e47e6108.mp3"
Aug 01 16:34 : player: played "http://m8.music.126.net/20240801165342/2fb5782964cd7325fc1776a968bfbf4a/ymusic/obj/w5zDlMODwrDDiGjCn8Ky/3932364872/d45e/4868/bbf0/0da18313c30f8e6e4d414ed751f93a62.mp3"
Aug 01 16:38 : player: played "http://m8.music.126.net/20240801165953/861d30d0b9d9cdb122482eeb55f30c74/ymusic/b1c1/dbe3/1cf0/1986863a6012241b3b28a2241f0a3673.mp3"
Aug 01 17:57 : player: played "http://m7.music.126.net/20240801170411/24fc48709a7a99ec819ae2ff4ee64db1/ymusic/0cff/1b52/9c83/50730f3bb43d8ae4370d6d1f503c5154.mp3"
Aug 01 17:57 : exception: Failed to decode http://m7.music.126.net/20240801170411/24fc48709a7a99ec819ae2ff4ee64db1/ymusic/0cff/1b52/9c83/50730f3bb43d8ae4370d6d1f503c5154.mp3; got HTTP status 403
Aug 01 17:57 : player: played "http://m7.music.126.net/20240801170411/24fc48709a7a99ec819ae2ff4ee64db1/ymusic/0cff/1b52/9c83/50730f3bb43d8ae4370d6d1f503c5154.mp3"
Aug 02 16:49 : player: played "http://m701.music.126.net/20240802171125/e6313420a77ba46f0f14c6856366bc70/jdymusic/obj/wo3DlMOGwrbDjj7DisKw/44460910177/4faf/972c/b0b3/e899867c5ae141df1430d44a8af90db1.mp3"
Aug 02 16:49 : player: played "http://m7.music.126.net/20240802171448/cf4b3ff944db2169fb1cc56d6a08bdf6/ymusic/050c/535f/535e/2f705e9ef1d58b6dae1ed4ca5cb5969d.mp3"
Aug 02 16:59 : player: played "http://m801.music.126.net/20240802171459/0659707dead829fba64920159c559ed0/jdymusic/obj/w5zDlMODwrDDiGjCn8Ky/2104792965/c460/3417/148a/adb2a77841e2d3c163843c79bbe8d269.mp3"
Aug 02 17:04 : player: played "http://m801.music.126.net/20240802172502/d93212806586730b7253867e0c3ef9ed/jdymusic/obj/wo3DlMOGwrbDjj7DisKw/11416104784/b7eb/cd38/ffef/0323a210e5dabe4210c18b0436d5972c.mp3"
Aug 02 17:07 : player: played "http://m701.music.126.net/20240802172951/c40cc2d493d746f280b91962547cf238/jdymusic/obj/wo3DlMOGwrbDjj7DisKw/7813582434/ef48/8bb1/1f9a/d20d946c0a8deffaf4f9bc0022a21d84.mp3"
Aug 02 17:40 : player: played "http://m7.music.126.net/20240802173314/fb83e0381f1b5448deb3afb68b7a05c5/ymusic/9656/3aa1/1d2a/d8d4ef2f29d7e68bc983c6e4c94e5055.mp3"
Aug 11 12:37 : exception: Failed to decode http://m7.music.126.net/20240802173314/fb83e0381f1b5448deb3afb68b7a05c5/ymusic/9656/3aa1/1d2a/d8d4ef2f29d7e68bc983c6e4c94e5055.mp3; got HTTP status 403
Aug 11 12:37 : player: played "http://m7.music.126.net/20240802173314/fb83e0381f1b5448deb3afb68b7a05c5/ymusic/9656/3aa1/1d2a/d8d4ef2f29d7e68bc983c6e4c94e5055.mp3"
Aug 11 14:49 : player: played "http://m801.music.126.net/20240811134749/840acb4eee1048bb8a1932ddfd23b61e/jdymusic/obj/wo3DlMOGwrbDjj7DisKw/44460910177/4faf/972c/b0b3/e899867c5ae141df1430d44a8af90db1.mp3"
Aug 11 14:50 : player: played "http://m701.music.126.net/20240811151445/4764863a09e09c099bf87318905369d5/jdymusic/obj/w5zDlMODwrDDiGjCn8Ky/2345930211/656a/8c72/4db5/8b0b270061de452bb6f50226adf35d73.mp3"
Aug 11 14:54 : pipewire_output: Decoder is too slow; playing silence to avoid xrun
Aug 11 15:23 : exception: CURL failed: Recv failure: Connection reset by peer
Aug 11 15:23 : player: played "http://m701.music.126.net/20240811151520/556f59160ccfd5d4e9687c074a9e24bf/jdymusic/obj/w5zDlMODwrDDiGjCn8Ky/2345901091/4034/20cb/7a46/33180d8e24320393807e212a4d478c43.mp3"
Aug 11 15:29 : player: played "http://m801.music.126.net/20240811154842/db7352fee791e3048d0aef1b4ff81c92/jdymusic/obj/wo3DlMOGwrbDjj7DisKw/10375124030/42c5/580c/a1ed/b230a99f7f0cc89dcaec5650702c1d56.mp3"
Aug 11 15:35 : player: played "http://m7.music.126.net/20240811155450/d37fce3b647971c2d27793184963b6e6/ymusic/e1b1/a83c/3624/a4f3ff66d971ce79589d21d873e1e3d6.mp3"
Aug 11 21:57 : player: played "カタオモイ-Aimer.mp3"
Aug 11 21:57 : player: played "http://rg.sycdn.kuwo.cn/6fb7ebb2f4f32042c10739d8b640aa97/66b8c354/resource/n1/31/68/2210081969.mp3?bitrate"
Aug 11 21:58 : exception: No such song
Aug 11 21:59 : player: played "http://ra.sycdn.kuwo.cn/6870954c5f7131fadee8e8b579f9d0c9/66b8c36a/resource/n2/128/98/58/4249925507.mp3?bitrate"
Aug 11 22:00 : player: played "http://rg.sycdn.kuwo.cn/6fb7ebb2f4f32042c10739d8b640aa97/66b8c354/resource/n1/31/68/2210081969.mp3?bitrate"
Aug 11 22:03 : player: played "http://ra.sycdn.kuwo.cn/6870954c5f7131fadee8e8b579f9d0c9/66b8c36a/resource/n2/128/98/58/4249925507.mp3?bitrate"
Aug 12 11:08 : player: played "http://ra.sycdn.kuwo.cn/2a051341f55d11c5f4884b24b56d09d2/66b97b60/resource/n2/128/98/58/4249925507.mp3?bitrate"
Aug 12 11:11 : player: played "http://m701.music.126.net/20240812113348/b3158f9d9db5216db9f352926da6d6b1/jdymusic/obj/wo3DlMOGwrbDjj7DisKw/34474300325/fb65/4092/291b/1d1e26b1836a8c88b82543b16c78b1ab.mp3"
Aug 12 11:16 : player: played "http://m701.music.126.net/20240812113644/bb5ac5d4790904588a06bc15e6bbaa9b/jdymusic/obj/wo3DlMOGwrbDjj7DisKw/10511524195/2f77/cef4/2ca7/93aac34ee81fb9120b1f92a6e4c6fb07.mp3"
Aug 12 11:18 : player: played "http://m7.music.126.net/20240812114204/6e93cf86e35925c99f4019d83950f632/ymusic/obj/w5zDlMODwrDDiGjCn8Ky/3057646328/338c/2235/a617/874477be77872a6bf3a90c47a5b9be6e.mp3"
Aug 12 11:25 : player: played "http://m801.music.126.net/20240812114335/5d0498536c67242fdafcd55303932053/jdymusic/obj/w5zDlMODwrDDiGjCn8Ky/2420858684/ca2c/b383/d876/df2148fcf809cf4dda652ec7e47e6108.mp3"
Aug 12 11:25 : player: played "http://m701.music.126.net/20240812115018/b87e83f8808665c4063727ae380eb542/jdymusic/obj/w5zDlMODwrDDiGjCn8Ky/2420858684/ca2c/b383/d876/df2148fcf809cf4dda652ec7e47e6108.mp3"
Aug 12 11:25 : player: played "http://m7.music.126.net/20240812115020/3e378ff09e0644d21d5f0fc740648035/ymusic/obj/w5zDlMODwrDDiGjCn8Ky/3932364872/d45e/4868/bbf0/0da18313c30f8e6e4d414ed751f93a62.mp3"
Aug 12 11:29 : player: played "http://m7.music.126.net/20240812115022/9572227feb45aa6f7c12670a6479d56b/ymusic/b1c1/dbe3/1cf0/1986863a6012241b3b28a2241f0a3673.mp3"
Aug 12 11:33 : player: played "http://m8.music.126.net/20240812115503/f552fff852e595ef796770a01b4ee7cd/ymusic/0cff/1b52/9c83/50730f3bb43d8ae4370d6d1f503c5154.mp3"
